<?xml version="1.0" encoding="UTF-8"?>
<testsuite name="com.lightbend.akka.sample.AkkaQuickstartTest" tests="1" skipped="0" failures="0" errors="0" timestamp="2018-06-29T14:46:38" hostname="strengthandwill" time="0.063">
  <properties/>
  <testcase name="testGreeterActorSendingOfGreeting" classname="com.lightbend.akka.sample.AkkaQuickstartTest" time="0.063"/>
  <system-out><![CDATA[]]></system-out>
  <system-err><![CDATA[]]></system-err>
</testsuite>
